0 info it worked if it ends with ok
1 verbose cli [ '/usr/bin/nodejs', '/usr/bin/npm', 'run', 'meteor' ]
2 info using npm@4.1.2
3 info using node@v7.7.3
4 verbose run-script [ 'premeteor', 'meteor', 'postmeteor' ]
5 info lifecycle server@~premeteor: server@
6 silly lifecycle server@~premeteor: no script for premeteor, continuing
7 info lifecycle server@~meteor: server@
8 verbose lifecycle server@~meteor: unsafe-perm in lifecycle true
9 verbose lifecycle server@~meteor: PATH: /usr/lib/node_modules/npm/bin/node-gyp-bin:/home/quocviet/Desktop/cloud-meteor/node_modules/.bin:/home/quocviet/bin:/home/quocviet/.local/bin:/usr/local/sbin:/usr/local/bin:/usr/sbin:/usr/bin:/sbin:/bin:/usr/games:/usr/local/games:/snap/bin
10 verbose lifecycle server@~meteor: CWD: /home/quocviet/Desktop/cloud-meteor
11 silly lifecycle server@~meteor: Args: [ '-c',
11 silly lifecycle   'export MONGO_URL=mongodb://localhost:27017/xcloud && export PORT=2005 && meteor run --settings server/settings.json --port 2005' ]
12 silly lifecycle server@~meteor: Returned: code: 1  signal: null
13 info lifecycle server@~meteor: Failed to exec meteor script
14 verbose stack Error: server@ meteor: `export MONGO_URL=mongodb://localhost:27017/xcloud && export PORT=2005 && meteor run --settings server/settings.json --port 2005`
14 verbose stack Exit status 1
14 verbose stack     at EventEmitter.<anonymous> (/usr/lib/node_modules/npm/lib/utils/lifecycle.js:279:16)
14 verbose stack     at emitTwo (events.js:106:13)
14 verbose stack     at EventEmitter.emit (events.js:194:7)
14 verbose stack     at ChildProcess.<anonymous> (/usr/lib/node_modules/npm/lib/utils/spawn.js:40:14)
14 verbose stack     at emitTwo (events.js:106:13)
14 verbose stack     at ChildProcess.emit (events.js:194:7)
14 verbose stack     at maybeClose (internal/child_process.js:899:16)
14 verbose stack     at Process.ChildProcess._handle.onexit (internal/child_process.js:226:5)
15 verbose pkgid server@
16 verbose cwd /home/quocviet/Desktop/cloud-meteor
17 error Linux 4.8.0-52-generic
18 error argv "/usr/bin/nodejs" "/usr/bin/npm" "run" "meteor"
19 error node v7.7.3
20 error npm  v4.1.2
21 error code ELIFECYCLE
22 error server@ meteor: `export MONGO_URL=mongodb://localhost:27017/xcloud && export PORT=2005 && meteor run --settings server/settings.json --port 2005`
22 error Exit status 1
23 error Failed at the server@ meteor script 'export MONGO_URL=mongodb://localhost:27017/xcloud && export PORT=2005 && meteor run --settings server/settings.json --port 2005'.
23 error Make sure you have the latest version of node.js and npm installed.
23 error If you do, this is most likely a problem with the server package,
23 error not with npm itself.
23 error Tell the author that this fails on your system:
23 error     export MONGO_URL=mongodb://localhost:27017/xcloud && export PORT=2005 && meteor run --settings server/settings.json --port 2005
23 error You can get information on how to open an issue for this project with:
23 error     npm bugs server
23 error Or if that isn't available, you can get their info via:
23 error     npm owner ls server
23 error There is likely additional logging output above.
24 verbose exit [ 1, true ]
